잘못된 토큰 발견: dOORF6pouUn1kLo6qyDf... (사용자: 1186)
정리 시간: Mon Sep  1 23:59:11 KST 2025
---
잘못된 토큰 발견: dOORF6pouUn1kLo6qyDf... (사용자: 1186)
정리 시간: Mon Sep  1 23:59:40 KST 2025
---
잘못된 토큰 발견: dOORF6pouUn1kLo6qyDf... (사용자: 1186)
정리 시간: Tue Sep  2 00:03:28 KST 2025
---
잘못된 토큰 발견: dOORF6pouUn1kLo6qyDf... (사용자: 1186)
정리 시간: Tue Sep  2 00:04:17 KST 2025
---
잘못된 토큰 발견: dOORF6pouUn1kLo6qyDf... (사용자: 1186)
정리 시간: Tue Sep  2 00:04:40 KST 2025
---
잘못된 토큰 발견: doAKC_vnDEuUunetPI3N... (사용자: 1186)
정리 시간: Tue Sep  2 05:58:07 KST 2025
---
잘못된 토큰 발견: doAKC_vnDEuUunetPI3N... (사용자: 1186)
정리 시간: Tue Sep  2 08:12:05 KST 2025
---
잘못된 토큰 발견: dOORF6pouUn1kLo6qyDf... (사용자: 1186)
정리 시간: Tue Sep  2 08:14:23 KST 2025
---
잘못된 토큰 발견: coD0k5UB4kcnkUM3ft3U... (사용자: 1186)
정리 시간: Tue Sep  2 08:58:14 KST 2025
---
잘못된 토큰 발견: fR8nxUvlA0znuI4IoO5h... (사용자: 1186)
정리 시간: Tue Sep  2 09:21:38 KST 2025
---
잘못된 토큰 발견: fR8nxUvlA0znuI4IoO5h... (사용자: 1186)
정리 시간: Tue Sep  2 09:24:39 KST 2025
---
잘못된 토큰 발견: dOORF6pouUn1kLo6qyDf... (사용자: 1186)
정리 시간: Tue Sep  2 10:46:40 KST 2025
---
잘못된 토큰 발견: dOORF6pouUn1kLo6qyDf... (사용자: 1186)
정리 시간: Tue Sep  2 10:58:24 KST 2025
---
잘못된 토큰 발견: fWLYBJYTH06ejEjCYVb8... (사용자: 1186)
정리 시간: Tue Sep  2 11:00:31 KST 2025
---
잘못된 토큰 발견: fWLYBJYTH06ejEjCYVb8... (사용자: 1186)
정리 시간: Tue Sep  2 11:01:18 KST 2025
---
잘못된 토큰 발견: dOORF6pouUn1kLo6qyDf... (사용자: 1186)
정리 시간: Tue Sep  2 11:01:57 KST 2025
---
