{"log":"\n","stream":"stdout","time":"2025-05-15T03:22:16.330383573Z"}
{"log":"\u003e smap-frontend@0.1.0 dev\n","stream":"stdout","time":"2025-05-15T03:22:16.330444593Z"}
{"log":"\u003e next dev\n","stream":"stdout","time":"2025-05-15T03:22:16.330451299Z"}
{"log":"\n","stream":"stdout","time":"2025-05-15T03:22:16.33045877Z"}
{"log":"   ▲ Next.js 15.3.2\n","stream":"stdout","time":"2025-05-15T03:22:18.057181057Z"}
{"log":"   - Local:        http://localhost:3000\n","stream":"stdout","time":"2025-05-15T03:22:18.057456452Z"}
{"log":"   - Network:      http://172.27.0.3:3000\n","stream":"stdout","time":"2025-05-15T03:22:18.057597353Z"}
{"log":"   - Environments: .env.local\n","stream":"stdout","time":"2025-05-15T03:22:18.057669742Z"}
{"log":"\n","stream":"stdout","time":"2025-05-15T03:22:18.057939788Z"}
{"log":" ✓ Starting...\n","stream":"stdout","time":"2025-05-15T03:22:18.058077834Z"}
{"log":" ✓ Ready in 2.7s\n","stream":"stdout","time":"2025-05-15T03:22:20.513669603Z"}
{"log":" ○ Compiling / ...\n","stream":"stdout","time":"2025-05-15T03:22:39.499403107Z"}
{"log":" ✓ Compiled / in 15.3s (1476 modules)\n","stream":"stdout","time":"2025-05-15T03:22:54.274354093Z"}
{"log":" HEAD / 200 in 16241ms\n","stream":"stdout","time":"2025-05-15T03:22:55.115877787Z"}
{"log":" ✓ Compiled in 651ms (693 modules)\n","stream":"stdout","time":"2025-05-15T03:22:55.773256441Z"}
{"log":" GET / 200 in 64ms\n","stream":"stdout","time":"2025-05-15T03:24:16.567058864Z"}
{"log":" ⚠ Cross origin request detected from 118.67.130.71 to /_next/* resource. In a future major version of Next.js, you will need to explicitly configure \"allowedDevOrigins\" in next.config to allow this.\n","stream":"stderr","time":"2025-05-15T03:24:17.769113943Z"}
{"log":"Read more: https://nextjs.org/docs/app/api-reference/config/next-config-js/allowedDevOrigins\n","stream":"stderr","time":"2025-05-15T03:24:17.769152601Z"}
{"log":" ○ Compiling /group ...\n","stream":"stdout","time":"2025-05-15T03:24:20.220014636Z"}
{"log":" ✓ Compiled /group in 25.5s (1500 modules)\n","stream":"stdout","time":"2025-05-15T03:24:45.202452923Z"}
{"log":" GET /group 200 in 26164ms\n","stream":"stdout","time":"2025-05-15T03:24:45.841668365Z"}
{"log":" ✓ Compiled in 259ms (700 modules)\n","stream":"stdout","time":"2025-05-15T03:24:46.067438999Z"}
{"log":" ✓ Compiled in 2.7s (1514 modules)\n","stream":"stdout","time":"2025-05-15T03:25:13.39492505Z"}
{"log":" ⚠ Fast Refresh had to perform a full reload. Read more: https://nextjs.org/docs/messages/fast-refresh-reload\n","stream":"stderr","time":"2025-05-15T03:25:13.49630704Z"}
{"log":" GET /group 200 in 158ms\n","stream":"stdout","time":"2025-05-15T03:25:13.642131449Z"}
{"log":" GET /group 200 in 1314ms\n","stream":"stdout","time":"2025-05-15T03:25:14.815206937Z"}
{"log":" ✓ Compiled in 1893ms (1514 modules)\n","stream":"stdout","time":"2025-05-15T03:25:17.595669157Z"}
{"log":" GET /group 200 in 78ms\n","stream":"stdout","time":"2025-05-15T03:25:17.725776384Z"}
{"log":" ✓ Compiled in 1379ms (1514 modules)\n","stream":"stdout","time":"2025-05-15T03:25:22.10752043Z"}
{"log":" GET /group 200 in 73ms\n","stream":"stdout","time":"2025-05-15T03:25:22.326549395Z"}
{"log":" ⚠ Fast Refresh had to perform a full reload. Read more: https://nextjs.org/docs/messages/fast-refresh-reload\n","stream":"stderr","time":"2025-05-15T03:25:22.418241195Z"}
{"log":" GET /group 200 in 836ms\n","stream":"stdout","time":"2025-05-15T03:25:23.257788437Z"}
{"log":" ✓ Compiled in 3.3s (1514 modules)\n","stream":"stdout","time":"2025-05-15T03:27:22.25736368Z"}
{"log":" ⚠ Fast Refresh had to perform a full reload. Read more: https://nextjs.org/docs/messages/fast-refresh-reload\n","stream":"stderr","time":"2025-05-15T03:27:22.472238973Z"}
{"log":" GET /group 200 in 152ms\n","stream":"stdout","time":"2025-05-15T03:27:22.479008218Z"}
{"log":" GET /group 200 in 1178ms\n","stream":"stdout","time":"2025-05-15T03:27:23.65117503Z"}
{"log":" ⚠ Fast Refresh had to perform a full reload. Read more: https://nextjs.org/docs/messages/fast-refresh-reload\n","stream":"stderr","time":"2025-05-15T03:27:50.948141536Z"}
{"log":" ✓ Compiled in 2.1s (1514 modules)\n","stream":"stdout","time":"2025-05-15T03:27:51.222459844Z"}
{"log":" GET /group 200 in 1154ms\n","stream":"stdout","time":"2025-05-15T03:27:52.125495736Z"}
{"log":" GET /group 200 in 34ms\n","stream":"stdout","time":"2025-05-15T03:27:52.150466591Z"}
{"log":" ✓ Compiled in 1748ms (1514 modules)\n","stream":"stdout","time":"2025-05-15T03:28:00.872773059Z"}
{"log":" ⚠ Fast Refresh had to perform a full reload. Read more: https://nextjs.org/docs/messages/fast-refresh-reload\n","stream":"stderr","time":"2025-05-15T03:28:00.980802151Z"}
{"log":" GET /group 200 in 67ms\n","stream":"stdout","time":"2025-05-15T03:28:00.984775668Z"}
{"log":" GET /group 200 in 413ms\n","stream":"stdout","time":"2025-05-15T03:28:01.395068233Z"}
{"log":" GET /group 200 in 83ms\n","stream":"stdout","time":"2025-05-15T03:28:35.650626474Z"}
{"log":" GET /group 200 in 73ms\n","stream":"stdout","time":"2025-05-15T03:28:38.769212394Z"}
{"log":" ✓ Compiled in 2.8s (1514 modules)\n","stream":"stdout","time":"2025-05-15T03:29:12.460450184Z"}
{"log":" ⚠ Fast Refresh had to perform a full reload. Read more: https://nextjs.org/docs/messages/fast-refresh-reload\n","stream":"stderr","time":"2025-05-15T03:29:12.807678514Z"}
{"log":" GET /group 200 in 152ms\n","stream":"stdout","time":"2025-05-15T03:29:12.813834625Z"}
{"log":" GET /group 200 in 1147ms\n","stream":"stdout","time":"2025-05-15T03:29:13.955221084Z"}
{"log":" GET /group 200 in 174ms\n","stream":"stdout","time":"2025-05-15T03:29:15.763690642Z"}
{"log":" GET /group 200 in 90ms\n","stream":"stdout","time":"2025-05-15T03:29:17.126231027Z"}
{"log":" ✓ Compiled in 1575ms (1514 modules)\n","stream":"stdout","time":"2025-05-15T03:29:31.314636607Z"}
{"log":" ⚠ Fast Refresh had to perform a full reload. Read more: https://nextjs.org/docs/messages/fast-refresh-reload\n","stream":"stderr","time":"2025-05-15T03:29:31.508011254Z"}
{"log":" GET /group 200 in 122ms\n","stream":"stdout","time":"2025-05-15T03:29:31.514040479Z"}
{"log":" GET /group 200 in 796ms\n","stream":"stdout","time":"2025-05-15T03:29:32.304392582Z"}
{"log":" ○ Compiling /schedule ...\n","stream":"stdout","time":"2025-05-15T03:29:35.067955345Z"}
{"log":" ✓ Compiled /schedule in 9.7s (2411 modules)\n","stream":"stdout","time":"2025-05-15T03:29:44.174970087Z"}
{"log":" GET /schedule 200 in 10963ms\n","stream":"stdout","time":"2025-05-15T03:29:45.376232456Z"}
{"log":" ✓ Compiled in 770ms (1153 modules)\n","stream":"stdout","time":"2025-05-15T03:29:45.564167647Z"}
{"log":" GET /group 200 in 32ms\n","stream":"stdout","time":"2025-05-15T03:29:48.228886767Z"}
{"log":" ✓ Compiled in 4.8s (2425 modules)\n","stream":"stdout","time":"2025-05-15T03:30:13.507774013Z"}
{"log":" GET /group 200 in 2489ms\n","stream":"stdout","time":"2025-05-15T03:30:16.067797255Z"}
{"log":" ✓ Compiled in 2.4s (1167 modules)\n","stream":"stdout","time":"2025-05-15T03:30:29.352138228Z"}
{"log":" GET /group 200 in 36ms\n","stream":"stdout","time":"2025-05-15T03:30:29.456953683Z"}
{"log":" ✓ Compiled in 2.7s (1167 modules)\n","stream":"stdout","time":"2025-05-15T03:30:34.760469973Z"}
{"log":" GET /group 200 in 36ms\n","stream":"stdout","time":"2025-05-15T03:30:34.881733094Z"}
{"log":" ✓ Compiled in 1535ms (1167 modules)\n","stream":"stdout","time":"2025-05-15T03:30:48.690108471Z"}
{"log":" GET /group 200 in 55ms\n","stream":"stdout","time":"2025-05-15T03:30:48.828464765Z"}
{"log":" ✓ Compiled in 1170ms (1167 modules)\n","stream":"stdout","time":"2025-05-15T03:30:58.898044339Z"}
{"log":" GET /group 200 in 31ms\n","stream":"stdout","time":"2025-05-15T03:30:59.009911904Z"}
{"log":" ○ Compiling /home ...\n","stream":"stdout","time":"2025-05-15T03:31:02.638536565Z"}
{"log":" ✓ Compiled /home in 11.9s (3096 modules)\n","stream":"stdout","time":"2025-05-15T03:31:14.027088688Z"}
{"log":" GET /home 200 in 12262ms\n","stream":"stdout","time":"2025-05-15T03:31:14.335331221Z"}
{"log":" GET /home 200 in 148ms\n","stream":"stdout","time":"2025-05-15T03:31:14.520869842Z"}
{"log":" ✓ Compiled in 378ms (1722 modules)\n","stream":"stdout","time":"2025-05-15T03:31:14.765365399Z"}
{"log":" GET /home 200 in 96ms\n","stream":"stdout","time":"2025-05-15T03:31:14.841650329Z"}
{"log":" GET /group 200 in 31ms\n","stream":"stdout","time":"2025-05-15T03:31:18.649281098Z"}
{"log":" ⚠ Fast Refresh had to perform a full reload. Read more: https://nextjs.org/docs/messages/fast-refresh-reload\n","stream":"stderr","time":"2025-05-15T03:36:03.589822471Z"}
{"log":" ✓ Compiled in 6.9s (3110 modules)\n","stream":"stdout","time":"2025-05-15T03:36:03.892611265Z"}
{"log":" GET /group 200 in 1647ms\n","stream":"stdout","time":"2025-05-15T03:36:05.518251996Z"}
{"log":" GET /group 200 in 1333ms\n","stream":"stdout","time":"2025-05-15T03:36:05.522482053Z"}
{"log":" ✓ Compiled in 3.9s (3110 modules)\n","stream":"stdout","time":"2025-05-15T03:41:36.008450948Z"}
{"log":" GET /group 200 in 137ms\n","stream":"stdout","time":"2025-05-15T03:41:36.193896987Z"}
{"log":" GET /group 200 in 1159ms\n","stream":"stdout","time":"2025-05-15T03:42:59.247113523Z"}
{"log":" GET /home 200 in 35ms\n","stream":"stdout","time":"2025-05-15T03:43:18.517413184Z"}
{"log":" GET /group 200 in 23ms\n","stream":"stdout","time":"2025-05-15T03:43:25.261022151Z"}
{"log":" GET /home 200 in 29ms\n","stream":"stdout","time":"2025-05-15T03:43:46.968667889Z"}
{"log":" GET /group 200 in 19ms\n","stream":"stdout","time":"2025-05-15T03:43:53.285880059Z"}
{"log":" ⚠ Fast Refresh had to perform a full reload. Read more: https://nextjs.org/docs/messages/fast-refresh-reload\n","stream":"stderr","time":"2025-05-15T03:46:41.928566976Z"}
{"log":" ✓ Compiled in 6.8s (3110 modules)\n","stream":"stdout","time":"2025-05-15T03:46:44.975087314Z"}
{"log":" GET /group 200 in 2796ms\n","stream":"stdout","time":"2025-05-15T03:46:46.46387653Z"}
{"log":" GET /group 200 in 34ms\n","stream":"stdout","time":"2025-05-15T03:46:46.49129821Z"}
{"log":" ✓ Compiled in 2.4s (3110 modules)\n","stream":"stdout","time":"2025-05-15T03:47:02.32340686Z"}
{"log":" ⚠ Fast Refresh had to perform a full reload. Read more: https://nextjs.org/docs/messages/fast-refresh-reload\n","stream":"stderr","time":"2025-05-15T03:47:02.494848343Z"}
{"log":" GET /group 200 in 125ms\n","stream":"stdout","time":"2025-05-15T03:47:02.500087034Z"}
{"log":" GET /group 200 in 410ms\n","stream":"stdout","time":"2025-05-15T03:47:02.905402133Z"}
{"log":" ✓ Compiled in 2.4s (3110 modules)\n","stream":"stdout","time":"2025-05-15T03:47:27.378790449Z"}
{"log":" GET /group 200 in 59ms\n","stream":"stdout","time":"2025-05-15T03:47:27.484508593Z"}
{"log":" ✓ Compiled in 1715ms (3110 modules)\n","stream":"stdout","time":"2025-05-15T03:48:27.674741475Z"}
{"log":" GET /group 200 in 62ms\n","stream":"stdout","time":"2025-05-15T03:48:27.785660143Z"}
{"log":" ⚠ Fast Refresh had to perform a full reload. Read more: https://nextjs.org/docs/messages/fast-refresh-reload\n","stream":"stderr","time":"2025-05-15T03:48:27.908291236Z"}
{"log":" GET /group 200 in 450ms\n","stream":"stdout","time":"2025-05-15T03:48:28.366916422Z"}
{"log":" ✓ Compiled in 3.9s (3110 modules)\n","stream":"stdout","time":"2025-05-15T03:51:58.59072033Z"}
{"log":" GET /group 200 in 139ms\n","stream":"stdout","time":"2025-05-15T03:51:58.832833714Z"}
{"log":" ⚠ Fast Refresh had to perform a full reload. Read more: https://nextjs.org/docs/messages/fast-refresh-reload\n","stream":"stderr","time":"2025-05-15T03:51:59.634720318Z"}
{"log":" GET /group 200 in 1640ms\n","stream":"stdout","time":"2025-05-15T03:52:01.300724064Z"}
{"log":" ✓ Compiled in 2.6s (3110 modules)\n","stream":"stdout","time":"2025-05-15T03:52:02.377816993Z"}
{"log":" GET /home 200 in 439ms\n","stream":"stdout","time":"2025-05-15T04:03:37.984522989Z"}
{"log":" GET /group 200 in 30ms\n","stream":"stdout","time":"2025-05-15T04:03:59.280161698Z"}
{"log":" ○ Compiling /schedule ...\n","stream":"stdout","time":"2025-05-15T04:04:21.324171233Z"}
{"log":" ✓ Compiled /schedule in 5.7s (1832 modules)\n","stream":"stdout","time":"2025-05-15T04:04:26.119444029Z"}
{"log":" GET /schedule 200 in 6615ms\n","stream":"stdout","time":"2025-05-15T04:04:27.040820517Z"}
{"log":" GET /group 200 in 1184ms\n","stream":"stdout","time":"2025-05-15T04:34:02.343866841Z"}
{"log":"\n","stream":"stdout","time":"2025-05-15T04:56:32.812707543Z"}
{"log":"\u003e smap-frontend@0.1.0 dev\n","stream":"stdout","time":"2025-05-15T04:56:32.813603254Z"}
{"log":"\u003e next dev\n","stream":"stdout","time":"2025-05-15T04:56:32.813615152Z"}
{"log":"\n","stream":"stdout","time":"2025-05-15T04:56:32.81362103Z"}
{"log":"   ▲ Next.js 15.3.2\n","stream":"stdout","time":"2025-05-15T04:56:35.437255498Z"}
{"log":"   - Local:        http://localhost:3000\n","stream":"stdout","time":"2025-05-15T04:56:35.438104784Z"}
{"log":"   - Network:      http://172.27.0.3:3000\n","stream":"stdout","time":"2025-05-15T04:56:35.439731366Z"}
{"log":"   - Environments: .env.local\n","stream":"stdout","time":"2025-05-15T04:56:35.439811921Z"}
{"log":"\n","stream":"stdout","time":"2025-05-15T04:56:35.440087493Z"}
{"log":" ✓ Starting...\n","stream":"stdout","time":"2025-05-15T04:56:35.440261113Z"}
{"log":" ✓ Ready in 3.9s\n","stream":"stdout","time":"2025-05-15T04:56:39.009258022Z"}
{"log":" ○ Compiling /group ...\n","stream":"stdout","time":"2025-05-15T04:56:39.650629136Z"}
{"log":" ✓ Compiled /group in 73.1s (1516 modules)\n","stream":"stdout","time":"2025-05-15T04:57:52.286967944Z"}
{"log":" GET /group 200 in 79126ms\n","stream":"stdout","time":"2025-05-15T04:57:58.16708759Z"}
{"log":" ✓ Compiled in 2.3s (712 modules)\n","stream":"stdout","time":"2025-05-15T04:57:59.018477543Z"}
{"log":" ✓ Compiled in 820ms (698 modules)\n","stream":"stdout","time":"2025-05-15T04:58:00.17437333Z"}
{"log":" ⚠ Cross origin request detected from 118.67.130.71 to /_next/* resource. In a future major version of Next.js, you will need to explicitly configure \"allowedDevOrigins\" in next.config to allow this.\n","stream":"stderr","time":"2025-05-15T05:00:01.142860263Z"}
{"log":"Read more: https://nextjs.org/docs/app/api-reference/config/next-config-js/allowedDevOrigins\n","stream":"stderr","time":"2025-05-15T05:00:01.143469188Z"}
{"log":" GET /group 200 in 265ms\n","stream":"stdout","time":"2025-05-15T05:10:10.621654997Z"}
{"log":" ✓ Compiled in 6.4s (1507 modules)\n","stream":"stdout","time":"2025-05-15T05:11:13.980512476Z"}
{"log":" GET /group 200 in 315ms\n","stream":"stdout","time":"2025-05-15T05:11:14.370153014Z"}
{"log":" ⚠ Fast Refresh had to perform a full reload. Read more: https://nextjs.org/docs/messages/fast-refresh-reload\n","stream":"stderr","time":"2025-05-15T05:11:14.499654743Z"}
{"log":" GET /group 200 in 1847ms\n","stream":"stdout","time":"2025-05-15T05:11:16.35643276Z"}
{"log":" ✓ Compiled in 2.9s (1507 modules)\n","stream":"stdout","time":"2025-05-15T05:12:36.027362293Z"}
{"log":" GET /group 200 in 169ms\n","stream":"stdout","time":"2025-05-15T05:12:36.283875488Z"}
{"log":" ⚠ Fast Refresh had to perform a full reload. Read more: https://nextjs.org/docs/messages/fast-refresh-reload\n","stream":"stderr","time":"2025-05-15T05:12:36.434726811Z"}
{"log":" GET /group 200 in 1214ms\n","stream":"stdout","time":"2025-05-15T05:12:37.650853094Z"}
{"log":" ✓ Compiled in 1597ms (1507 modules)\n","stream":"stdout","time":"2025-05-15T05:12:49.726629927Z"}
{"log":" GET /group 200 in 150ms\n","stream":"stdout","time":"2025-05-15T05:12:49.997485136Z"}
{"log":" ⚠ Fast Refresh had to perform a full reload. Read more: https://nextjs.org/docs/messages/fast-refresh-reload\n","stream":"stderr","time":"2025-05-15T05:12:50.129275989Z"}
{"log":" GET /group 200 in 790ms\n","stream":"stdout","time":"2025-05-15T05:12:50.924444566Z"}
{"log":" ✓ Compiled in 1488ms (1507 modules)\n","stream":"stdout","time":"2025-05-15T05:13:04.642231625Z"}
{"log":" GET /group 200 in 67ms\n","stream":"stdout","time":"2025-05-15T05:13:04.795825036Z"}
{"log":" ⚠ Fast Refresh had to perform a full reload. Read more: https://nextjs.org/docs/messages/fast-refresh-reload\n","stream":"stderr","time":"2025-05-15T05:13:04.931403077Z"}
{"log":" GET /group 200 in 421ms\n","stream":"stdout","time":"2025-05-15T05:13:05.354258307Z"}
{"log":" ○ Compiling /schedule ...\n","stream":"stdout","time":"2025-05-15T05:13:21.637954283Z"}
{"log":" ✓ Compiled /schedule in 10.9s (2404 modules)\n","stream":"stdout","time":"2025-05-15T05:13:32.01060543Z"}
{"log":" GET /schedule 200 in 12017ms\n","stream":"stdout","time":"2025-05-15T05:13:33.110542525Z"}
{"log":" ✓ Compiled in 713ms (1151 modules)\n","stream":"stdout","time":"2025-05-15T05:13:33.381171205Z"}
{"log":"\n","stream":"stdout","time":"2025-05-15T05:17:09.209428897Z"}
{"log":"\u003e smap-frontend@0.1.0 dev\n","stream":"stdout","time":"2025-05-15T05:17:09.210206905Z"}
{"log":"\u003e next dev\n","stream":"stdout","time":"2025-05-15T05:17:09.210216018Z"}
{"log":"\n","stream":"stdout","time":"2025-05-15T05:17:09.21022157Z"}
{"log":"   ▲ Next.js 15.3.2\n","stream":"stdout","time":"2025-05-15T05:17:11.114454039Z"}
{"log":"   - Local:        http://localhost:3000\n","stream":"stdout","time":"2025-05-15T05:17:11.114929898Z"}
{"log":"   - Network:      http://172.27.0.3:3000\n","stream":"stdout","time":"2025-05-15T05:17:11.115153441Z"}
{"log":"   - Environments: .env.local\n","stream":"stdout","time":"2025-05-15T05:17:11.11532248Z"}
{"log":"\n","stream":"stdout","time":"2025-05-15T05:17:11.115614687Z"}
{"log":" ✓ Starting...\n","stream":"stdout","time":"2025-05-15T05:17:11.115835969Z"}
{"log":" ✓ Ready in 3.2s\n","stream":"stdout","time":"2025-05-15T05:17:13.998846929Z"}
{"log":" ○ Compiling /location ...\n","stream":"stdout","time":"2025-05-15T05:43:12.956013572Z"}
{"log":" ✓ Compiled /location in 19.6s (1526 modules)\n","stream":"stdout","time":"2025-05-15T05:43:32.012463971Z"}
{"log":" GET /location 200 in 21091ms\n","stream":"stdout","time":"2025-05-15T05:43:33.32124408Z"}
{"log":" ✓ Compiled in 769ms (711 modules)\n","stream":"stdout","time":"2025-05-15T05:43:33.929693961Z"}
{"log":" ○ Compiling /_not-found ...\n","stream":"stdout","time":"2025-05-15T05:43:35.356272942Z"}
{"log":" ✓ Compiled /_not-found in 1742ms (1494 modules)\n","stream":"stdout","time":"2025-05-15T05:43:36.598395895Z"}
{"log":" GET /_next/static/css/app/location/ReactToastify.css.map 404 in 3525ms\n","stream":"stdout","time":"2025-05-15T05:43:38.470854209Z"}
{"log":" GET /_next/static/chunks/app/location/react-toastify.esm.mjs.map 404 in 3622ms\n","stream":"stdout","time":"2025-05-15T05:43:38.471813075Z"}
{"log":" ○ Compiling /schedule ...\n","stream":"stdout","time":"2025-05-15T05:43:39.017732689Z"}
{"log":" ✓ Compiled /schedule in 11.7s (2405 modules)\n","stream":"stdout","time":"2025-05-15T05:43:50.234348799Z"}
{"log":" GET /schedule 200 in 12886ms\n","stream":"stdout","time":"2025-05-15T05:43:51.308303081Z"}
{"log":" ✓ Compiled in 637ms (1153 modules)\n","stream":"stdout","time":"2025-05-15T05:43:51.602192653Z"}
{"log":" GET /schedule 200 in 258ms\n","stream":"stdout","time":"2025-05-15T05:43:51.619491399Z"}
{"log":" GET /schedule 200 in 47ms\n","stream":"stdout","time":"2025-05-15T05:43:51.637853382Z"}
{"log":" GET /schedule 200 in 20ms\n","stream":"stdout","time":"2025-05-15T05:43:51.697307402Z"}
{"log":" ✓ Compiled in 2.4s (1164 modules)\n","stream":"stdout","time":"2025-05-15T05:45:36.494650508Z"}
{"log":" ✓ Compiled in 1304ms (1164 modules)\n","stream":"stdout","time":"2025-05-15T05:45:45.546424543Z"}
{"log":" ✓ Compiled in 3.6s (1164 modules)\n","stream":"stdout","time":"2025-05-15T05:49:39.274955047Z"}
{"log":" ✓ Compiled in 1811ms (1164 modules)\n","stream":"stdout","time":"2025-05-15T06:05:11.418382339Z"}
{"log":" ○ Compiling /group ...\n","stream":"stdout","time":"2025-05-15T06:05:20.347610712Z"}
{"log":" ✓ Compiled /signin in 44.3s (2001 modules)\n","stream":"stdout","time":"2025-05-15T06:06:04.117742275Z"}
{"log":" ⚠ The \"images.domains\" configuration is deprecated. Please use \"images.remotePatterns\" configuration instead.\n","stream":"stderr","time":"2025-05-15T06:06:05.995124623Z"}
{"log":" GET /group 200 in 24573ms\n","stream":"stdout","time":"2025-05-15T06:06:06.346753309Z"}
{"log":" GET /group 200 in 46597ms\n","stream":"stdout","time":"2025-05-15T06:06:06.348512673Z"}
{"log":" GET /group 200 in 4798ms\n","stream":"stdout","time":"2025-05-15T06:06:06.349401009Z"}
{"log":" GET /signin 200 in 37977ms\n","stream":"stdout","time":"2025-05-15T06:06:06.37859378Z"}
{"log":" ✓ Compiled in 1407ms (1182 modules)\n","stream":"stdout","time":"2025-05-15T06:06:06.631699035Z"}
{"log":" ⚠ Cross origin request detected from 118.67.130.71 to /_next/* resource. In a future major version of Next.js, you will need to explicitly configure \"allowedDevOrigins\" in next.config to allow this.\n","stream":"stderr","time":"2025-05-15T06:06:08.191782355Z"}
{"log":"Read more: https://nextjs.org/docs/app/api-reference/config/next-config-js/allowedDevOrigins\n","stream":"stderr","time":"2025-05-15T06:06:08.191803954Z"}
{"log":" ○ Compiling /schedule ...\n","stream":"stdout","time":"2025-05-15T06:06:38.196123704Z"}
{"log":" ✓ Compiled /schedule in 1303ms (1277 modules)\n","stream":"stdout","time":"2025-05-15T06:06:38.272029229Z"}
{"log":" GET /schedule 200 in 3245ms\n","stream":"stdout","time":"2025-05-15T06:06:40.193482712Z"}
{"log":" ○ Compiling /_not-found ...\n","stream":"stdout","time":"2025-05-15T06:07:02.490492527Z"}
{"log":" ✓ Compiled /_not-found in 2.4s (2463 modules)\n","stream":"stdout","time":"2025-05-15T06:07:04.085358492Z"}
{"log":" GET /_next/static/chunks/app/location/react-toastify.esm.mjs.map 404 in 2631ms\n","stream":"stdout","time":"2025-05-15T06:07:04.362556645Z"}
{"log":" GET /_next/static/css/app/location/ReactToastify.css.map 404 in 2516ms\n","stream":"stdout","time":"2025-05-15T06:07:04.363337687Z"}
{"log":" ✓ Compiled in 1019ms (1258 modules)\n","stream":"stdout","time":"2025-05-15T06:07:15.151920374Z"}
{"log":" ✓ Compiled in 6.1s (1199 modules)\n","stream":"stdout","time":"2025-05-15T06:07:24.362840418Z"}
{"log":" GET /signin 200 in 370ms\n","stream":"stdout","time":"2025-05-15T06:07:24.938611997Z"}
{"log":" ✓ Compiled in 317ms (1185 modules)\n","stream":"stdout","time":"2025-05-15T06:07:25.230148611Z"}
{"log":" GET /schedule 200 in 722ms\n","stream":"stdout","time":"2025-05-15T06:07:27.465217454Z"}
{"log":" GET /schedule 200 in 20ms\n","stream":"stdout","time":"2025-05-15T06:07:41.17812737Z"}
{"log":" ○ Compiling /group ...\n","stream":"stdout","time":"2025-05-15T06:08:00.841817883Z"}
{"log":" ✓ Compiled /group in 9s (1278 modules)\n","stream":"stdout","time":"2025-05-15T06:08:09.065812682Z"}
{"log":" GET /group 200 in 11035ms\n","stream":"stdout","time":"2025-05-15T06:08:11.096130436Z"}
{"log":" GET /group 200 in 95ms\n","stream":"stdout","time":"2025-05-15T06:08:11.984384771Z"}
{"log":" GET /schedule 200 in 39ms\n","stream":"stdout","time":"2025-05-15T06:08:19.228536554Z"}
{"log":" ⚠ Fast Refresh had to perform a full reload. Read more: https://nextjs.org/docs/messages/fast-refresh-reload\n","stream":"stderr","time":"2025-05-15T06:08:38.534013968Z"}
{"log":" ✓ Compiled in 7.1s (2473 modules)\n","stream":"stdout","time":"2025-05-15T06:08:38.550850866Z"}
{"log":" GET /signin 200 in 974ms\n","stream":"stdout","time":"2025-05-15T06:08:39.565529866Z"}
{"log":" GET /schedule 200 in 1044ms\n","stream":"stdout","time":"2025-05-15T06:08:39.582273249Z"}
{"log":" GET /schedule 200 in 1138ms\n","stream":"stdout","time":"2025-05-15T06:08:39.742291722Z"}
{"log":" ✓ Compiled in 1197ms (1182 modules)\n","stream":"stdout","time":"2025-05-15T06:08:39.749675658Z"}
{"log":" ○ Compiling /location ...\n","stream":"stdout","time":"2025-05-15T06:08:48.466859369Z"}
{"log":" ✓ Compiled /location in 6.3s (1292 modules)\n","stream":"stdout","time":"2025-05-15T06:08:53.822397228Z"}
{"log":" GET /location 200 in 6450ms\n","stream":"stdout","time":"2025-05-15T06:08:53.939752084Z"}
{"log":" ○ Compiling /_not-found ...\n","stream":"stdout","time":"2025-05-15T06:08:55.815639627Z"}
{"log":" ✓ Compiled /_not-found in 1988ms (2478 modules)\n","stream":"stdout","time":"2025-05-15T06:08:57.189686904Z"}
{"log":" GET /_next/static/chunks/app/location/react-toastify.esm.mjs.map 404 in 2270ms\n","stream":"stdout","time":"2025-05-15T06:08:57.469134835Z"}
{"log":" GET /_next/static/css/app/location/ReactToastify.css.map 404 in 2145ms\n","stream":"stdout","time":"2025-05-15T06:08:57.469827701Z"}
{"log":" ✓ Compiled in 18.2s (2488 modules)\n","stream":"stdout","time":"2025-05-15T06:18:33.910959113Z"}
{"log":" GET /signin 200 in 262ms\n","stream":"stdout","time":"2025-05-15T06:18:34.308605258Z"}
{"log":" ✓ Compiled in 640ms (1182 modules)\n","stream":"stdout","time":"2025-05-15T06:18:34.553746715Z"}
{"log":" GET /location 200 in 538ms\n","stream":"stdout","time":"2025-05-15T06:18:34.586187221Z"}
{"log":" ○ Compiling /_not-found ...\n","stream":"stdout","time":"2025-05-15T06:18:35.94850827Z"}
{"log":" ⚠ Fast Refresh had to perform a full reload. Read more: https://nextjs.org/docs/messages/fast-refresh-reload\n","stream":"stderr","time":"2025-05-15T06:18:38.802708165Z"}
{"log":" ✓ Compiled /_not-found in 4.8s (2478 modules)\n","stream":"stdout","time":"2025-05-15T06:18:39.50224523Z"}
{"log":" GET /_next/static/css/app/location/ReactToastify.css.map 404 in 4828ms\n","stream":"stdout","time":"2025-05-15T06:18:39.969340342Z"}
{"log":" GET /location 200 in 439ms\n","stream":"stdout","time":"2025-05-15T06:18:40.381039406Z"}
{"log":" GET /location 200 in 1621ms\n","stream":"stdout","time":"2025-05-15T06:18:40.431129247Z"}
{"log":" GET /signin 200 in 494ms\n","stream":"stdout","time":"2025-05-15T06:18:40.436277925Z"}
{"log":" GET /_next/static/css/app/location/ReactToastify.css.map 404 in 79ms\n","stream":"stdout","time":"2025-05-15T06:18:40.682481023Z"}
{"log":" GET /_next/static/chunks/app/location/react-toastify.esm.mjs.map 404 in 44ms\n","stream":"stdout","time":"2025-05-15T06:18:42.109351063Z"}
{"log":" ○ Compiling /logs ...\n","stream":"stdout","time":"2025-05-15T06:25:14.607249601Z"}
{"log":" ✓ Compiled /logs in 19.4s (3613 modules)\n","stream":"stdout","time":"2025-05-15T06:25:33.49836655Z"}
{"log":" GET /logs 200 in 21576ms\n","stream":"stdout","time":"2025-05-15T06:25:33.758339038Z"}
{"log":" ✓ Compiled in 470ms (1749 modules)\n","stream":"stdout","time":"2025-05-15T06:25:34.302120308Z"}
{"log":" ✓ Compiled in 32.5s (3627 modules)\n","stream":"stdout","time":"2025-05-15T06:41:21.009469335Z"}
{"log":" GET /signin 200 in 673ms\n","stream":"stdout","time":"2025-05-15T06:41:21.884201655Z"}
{"log":" GET /logs 200 in 748ms\n","stream":"stdout","time":"2025-05-15T06:41:21.996247429Z"}
{"log":" ✓ Compiled in 1294ms (1749 modules)\n","stream":"stdout","time":"2025-05-15T06:41:22.678914027Z"}
{"log":"\n","stream":"stdout","time":"2025-05-15T06:49:49.070959108Z"}
{"log":"\u003e smap-frontend@0.1.0 dev\n","stream":"stdout","time":"2025-05-15T06:49:49.072348409Z"}
{"log":"\u003e next dev\n","stream":"stdout","time":"2025-05-15T06:49:49.072361264Z"}
{"log":"\n","stream":"stdout","time":"2025-05-15T06:49:49.0723668Z"}
{"log":"   ▲ Next.js 15.3.2\n","stream":"stdout","time":"2025-05-15T06:49:52.159725604Z"}
{"log":"   - Local:        http://localhost:3000\n","stream":"stdout","time":"2025-05-15T06:49:52.160430663Z"}
{"log":"   - Network:      http://172.27.0.3:3000\n","stream":"stdout","time":"2025-05-15T06:49:52.160655157Z"}
{"log":"   - Environments: .env.local\n","stream":"stdout","time":"2025-05-15T06:49:52.160856437Z"}
{"log":"\n","stream":"stdout","time":"2025-05-15T06:49:52.161259474Z"}
{"log":" ✓ Starting...\n","stream":"stdout","time":"2025-05-15T06:49:52.161569825Z"}
{"log":" ✓ Ready in 4.7s\n","stream":"stdout","time":"2025-05-15T06:49:56.377975105Z"}
{"log":" ○ Compiling / ...\n","stream":"stdout","time":"2025-05-15T06:57:25.404267996Z"}
{"log":" ✓ Compiled / in 43.1s (1509 modules)\n","stream":"stdout","time":"2025-05-15T06:58:07.95961024Z"}
{"log":" GET / 200 in 45384ms\n","stream":"stdout","time":"2025-05-15T06:58:10.182130703Z"}
{"log":" ✓ Compiled in 4.2s (709 modules)\n","stream":"stdout","time":"2025-05-15T06:58:12.187135045Z"}
{"log":" ✓ Compiled in 361ms (695 modules)\n","stream":"stdout","time":"2025-05-15T06:58:12.890917214Z"}
{"log":" ○ Compiling /home ...\n","stream":"stdout","time":"2025-05-15T06:58:44.496926015Z"}
{"log":" ✓ Compiled /home in 12.3s (2635 modules)\n","stream":"stdout","time":"2025-05-15T06:58:56.2948848Z"}
{"log":" GET /home 200 in 13612ms\n","stream":"stdout","time":"2025-05-15T06:58:57.544426772Z"}
{"log":" ✓ Compiled in 887ms (1267 modules)\n","stream":"stdout","time":"2025-05-15T06:58:58.146366601Z"}
{"log":" ✓ Compiled in 748ms (1267 modules)\n","stream":"stdout","time":"2025-05-15T06:58:59.231222264Z"}
{"log":" ⚠ Cross origin request detected from 118.67.130.71 to /_next/* resource. In a future major version of Next.js, you will need to explicitly configure \"allowedDevOrigins\" in next.config to allow this.\n","stream":"stderr","time":"2025-05-15T06:59:00.182927481Z"}
{"log":"Read more: https://nextjs.org/docs/app/api-reference/config/next-config-js/allowedDevOrigins\n","stream":"stderr","time":"2025-05-15T06:59:00.182968114Z"}
{"log":" ✓ Compiled in 827ms (1363 modules)\n","stream":"stdout","time":"2025-05-15T06:59:19.765540467Z"}
{"log":" ✓ Compiled in 2.8s (1281 modules)\n","stream":"stdout","time":"2025-05-15T06:59:24.50966926Z"}
{"log":" GET /home 200 in 463ms\n","stream":"stdout","time":"2025-05-15T06:59:25.116483169Z"}
{"log":" ✓ Compiled in 496ms (1267 modules)\n","stream":"stdout","time":"2025-05-15T06:59:25.57242072Z"}
{"log":" ✓ Compiled in 870ms (1281 modules)\n","stream":"stdout","time":"2025-05-15T06:59:37.616375286Z"}
{"log":" GET /home 200 in 34ms\n","stream":"stdout","time":"2025-05-15T06:59:37.727961432Z"}
{"log":" ✓ Compiled in 555ms (1363 modules)\n","stream":"stdout","time":"2025-05-15T06:59:39.878249902Z"}
{"log":" ✓ Compiled in 3.5s (2644 modules)\n","stream":"stdout","time":"2025-05-15T07:01:31.696525884Z"}
{"log":" ✓ Compiled in 357ms (1267 modules)\n","stream":"stdout","time":"2025-05-15T07:01:32.054214259Z"}
{"log":" GET /home 200 in 469ms\n","stream":"stdout","time":"2025-05-15T07:01:32.247071948Z"}
{"log":" ✓ Compiled in 3.2s (2644 modules)\n","stream":"stdout","time":"2025-05-15T07:02:52.899075322Z"}
{"log":" ✓ Compiled in 210ms (1267 modules)\n","stream":"stdout","time":"2025-05-15T07:02:53.111407658Z"}
{"log":" GET /home 200 in 210ms\n","stream":"stdout","time":"2025-05-15T07:02:53.38971957Z"}
{"log":" ✓ Compiled in 752ms (1363 modules)\n","stream":"stdout","time":"2025-05-15T07:03:06.673571352Z"}
{"log":" ✓ Compiled in 1104ms (1281 modules)\n","stream":"stdout","time":"2025-05-15T07:03:10.977991617Z"}
{"log":" GET /home 200 in 118ms\n","stream":"stdout","time":"2025-05-15T07:03:11.209960142Z"}
{"log":" ✓ Compiled in 185ms (1267 modules)\n","stream":"stdout","time":"2025-05-15T07:03:11.473539219Z"}
{"log":" ○ Compiling /group ...\n","stream":"stdout","time":"2025-05-15T07:03:17.667440689Z"}
{"log":" ✓ Compiled /group in 28.2s (2671 modules)\n","stream":"stdout","time":"2025-05-15T07:03:45.369039512Z"}
{"log":" GET /group 200 in 28914ms\n","stream":"stdout","time":"2025-05-15T07:03:46.04377361Z"}
{"log":" GET /group 200 in 931ms\n","stream":"stdout","time":"2025-05-15T07:03:46.290241205Z"}
{"log":" ✓ Compiled in 387ms (1285 modules)\n","stream":"stdout","time":"2025-05-15T07:03:46.309783479Z"}
{"log":" ✓ Compiled in 207ms (1285 modules)\n","stream":"stdout","time":"2025-05-15T07:03:46.827811805Z"}
{"log":" ✓ Compiled in 6.3s (2685 modules)\n","stream":"stdout","time":"2025-05-15T07:06:07.687861854Z"}
{"log":" GET /group 200 in 148ms\n","stream":"stdout","time":"2025-05-15T07:06:07.887870165Z"}
{"log":" ○ Compiling /schedule ...\n","stream":"stdout","time":"2025-05-15T07:06:48.127153108Z"}
{"log":" ✓ Compiled /schedule in 9s (3582 modules)\n","stream":"stdout","time":"2025-05-15T07:06:56.524298504Z"}
{"log":" GET /schedule 200 in 10277ms\n","stream":"stdout","time":"2025-05-15T07:06:57.79433108Z"}
{"log":" ⚠ The \"images.domains\" configuration is deprecated. Please use \"images.remotePatterns\" configuration instead.\n","stream":"stderr","time":"2025-05-15T07:06:58.881014708Z"}
{"log":" ✓ Compiled in 3.8s (3596 modules)\n","stream":"stdout","time":"2025-05-15T07:07:29.671893368Z"}
{"log":" GET /schedule 200 in 124ms\n","stream":"stdout","time":"2025-05-15T07:07:29.870922052Z"}
{"log":" GET /group 200 in 32ms\n","stream":"stdout","time":"2025-05-15T07:07:32.413617225Z"}
{"log":" GET /schedule 200 in 20ms\n","stream":"stdout","time":"2025-05-15T07:07:33.659545759Z"}
{"log":" ○ Compiling /location ...\n","stream":"stdout","time":"2025-05-15T07:07:35.387615759Z"}
{"log":" ✓ Compiled /location in 4.6s (3620 modules)\n","stream":"stdout","time":"2025-05-15T07:07:39.222761161Z"}
{"log":" GET /location 200 in 4756ms\n","stream":"stdout","time":"2025-05-15T07:07:39.354380943Z"}
{"log":" GET /location 200 in 22ms\n","stream":"stdout","time":"2025-05-15T07:07:39.467388024Z"}
{"log":" ✓ Compiled in 1158ms (1748 modules)\n","stream":"stdout","time":"2025-05-15T07:07:40.738401602Z"}
{"log":" ○ Compiling /_not-found ...\n","stream":"stdout","time":"2025-05-15T07:07:43.112386882Z"}
{"log":" ✓ Compiled /_not-found in 2.8s (3610 modules)\n","stream":"stdout","time":"2025-05-15T07:07:45.138322027Z"}
{"log":" GET /_next/static/chunks/app/location/react-toastify.esm.mjs.map 404 in 3298ms\n","stream":"stdout","time":"2025-05-15T07:07:45.613050459Z"}
{"log":" GET /_next/static/css/app/location/ReactToastify.css.map 404 in 3190ms\n","stream":"stdout","time":"2025-05-15T07:07:45.613077331Z"}
{"log":" ✓ Compiled in 1757ms (1751 modules)\n","stream":"stdout","time":"2025-05-15T07:07:46.897920658Z"}
{"log":" GET /schedule 200 in 1188ms\n","stream":"stdout","time":"2025-05-15T07:07:58.527827383Z"}
{"log":" ⨯ ./src/app/schedule/page.tsx\n","stream":"stderr","time":"2025-05-15T07:08:01.346434667Z"}
{"log":"Error:   \u001b[31mx\u001b[0m Unexpected token `div`. Expected jsx identifier\n","stream":"stderr","time":"2025-05-15T07:08:01.346462032Z"}
{"log":"     ,-[\u001b[36;1;4m/app/src/app/schedule/page.tsx\u001b[0m:349:1]\n","stream":"stderr","time":"2025-05-15T07:08:01.346470189Z"}
{"log":" \u001b[2m346\u001b[0m |   const handleEventItemClick = (event: ScheduleEvent) =\u003e { setSelectedEventDetails(event); setIsModalOpen(true); };\n","stream":"stderr","time":"2025-05-15T07:08:01.346477123Z"}
{"log":" \u001b[2m347\u001b[0m | \n","stream":"stderr","time":"2025-05-15T07:08:01.346482929Z"}
{"log":" \u001b[2m348\u001b[0m |   return (\n","stream":"stderr","time":"2025-05-15T07:08:01.346491098Z"}
{"log":" \u001b[2m349\u001b[0m |       \u003cdiv className=\"grid grid-cols-1 md:grid-cols-5 gap-6 flex-grow p-6 overflow-auto\"\u003e\n","stream":"stderr","time":"2025-05-15T07:08:01.346497112Z"}
{"log":"     : \u001b[35;1m       ^^^\u001b[0m\n","stream":"stderr","time":"2025-05-15T07:08:01.346502775Z"}
{"log":" \u001b[2m350\u001b[0m |         {/* Calendar Card - 오른쪽 보더 굵기 수정 */}\n","stream":"stderr","time":"2025-05-15T07:08:01.34651067Z"}
{"log":" \u001b[2m351\u001b[0m |         \u003cdiv className=\"md:col-span-2 flex flex-col md:mb-0\"\u003e\n","stream":"stderr","time":"2025-05-15T07:08:01.346516711Z"}
{"log":" \u001b[2m352\u001b[0m |           \u003cCard className=\"w-full mx-auto flex flex-col items-center justify-center font-['Line_Seed'] border-r-4 border-blue-500\"\u003e\n","stream":"stderr","time":"2025-05-15T07:08:01.346524066Z"}
{"log":"     `----\n","stream":"stderr","time":"2025-05-15T07:08:01.34653096Z"}
{"log":"\n","stream":"stderr","time":"2025-05-15T07:08:01.346536092Z"}
{"log":"Caused by:\n","stream":"stderr","time":"2025-05-15T07:08:01.346543943Z"}
{"log":"    Syntax Error\n","stream":"stderr","time":"2025-05-15T07:08:01.346549611Z"}
{"log":"\n","stream":"stderr","time":"2025-05-15T07:08:01.346554665Z"}
{"log":"Import trace for requested module:\n","stream":"stderr","time":"2025-05-15T07:08:01.346562293Z"}
{"log":"./src/app/schedule/page.tsx\n","stream":"stderr","time":"2025-05-15T07:08:01.346568098Z"}
{"log":" ○ Compiling /_error ...\n","stream":"stdout","time":"2025-05-15T07:08:09.771344501Z"}
{"log":" ⨯ ./src/app/schedule/page.tsx\n","stream":"stderr","time":"2025-05-15T07:08:15.785620234Z"}
{"log":"Error:   \u001b[31mx\u001b[0m Unexpected token `div`. Expected jsx identifier\n","stream":"stderr","time":"2025-05-15T07:08:15.785660646Z"}
{"log":"     ,-[\u001b[36;1;4m/app/src/app/schedule/page.tsx\u001b[0m:349:1]\n","stream":"stderr","time":"2025-05-15T07:08:15.785669882Z"}
{"log":" \u001b[2m346\u001b[0m |   const handleEventItemClick = (event: ScheduleEvent) =\u003e { setSelectedEventDetails(event); setIsModalOpen(true); };\n","stream":"stderr","time":"2025-05-15T07:08:15.78568911Z"}
{"log":" \u001b[2m347\u001b[0m | \n","stream":"stderr","time":"2025-05-15T07:08:15.785694657Z"}
{"log":" \u001b[2m348\u001b[0m |   return (\n","stream":"stderr","time":"2025-05-15T07:08:15.785702492Z"}
{"log":" \u001b[2m349\u001b[0m |       \u003cdiv className=\"grid grid-cols-1 md:grid-cols-5 gap-6 flex-grow p-6 overflow-auto\"\u003e\n","stream":"stderr","time":"2025-05-15T07:08:15.785707859Z"}
{"log":"     : \u001b[35;1m       ^^^\u001b[0m\n","stream":"stderr","time":"2025-05-15T07:08:15.785713043Z"}
{"log":" \u001b[2m350\u001b[0m |         {/* Calendar Card - 오른쪽 보더 굵기 수정 */}\n","stream":"stderr","time":"2025-05-15T07:08:15.785720508Z"}
{"log":" \u001b[2m351\u001b[0m |         \u003cdiv className=\"md:col-span-2 flex flex-col md:mb-0\"\u003e\n","stream":"stderr","time":"2025-05-15T07:08:15.785725909Z"}
{"log":" \u001b[2m352\u001b[0m |           \u003cCard className=\"w-full mx-auto flex flex-col items-center justify-center font-['Line_Seed'] border-r-4 border-blue-500\"\u003e\n","stream":"stderr","time":"2025-05-15T07:08:15.78573257Z"}
{"log":"     `----\n","stream":"stderr","time":"2025-05-15T07:08:15.785739452Z"}
{"log":"\n","stream":"stderr","time":"2025-05-15T07:08:15.785744319Z"}
{"log":"Caused by:\n","stream":"stderr","time":"2025-05-15T07:08:15.785751775Z"}
{"log":"    Syntax Error\n","stream":"stderr","time":"2025-05-15T07:08:15.78575697Z"}
{"log":"\n","stream":"stderr","time":"2025-05-15T07:08:15.785761619Z"}
{"log":"Import trace for requested module:\n","stream":"stderr","time":"2025-05-15T07:08:15.785768784Z"}
{"log":"./src/app/schedule/page.tsx\n","stream":"stderr","time":"2025-05-15T07:08:15.785774412Z"}
{"log":" GET /schedule 500 in 15102ms\n","stream":"stdout","time":"2025-05-15T07:08:16.501635562Z"}
{"log":" ✓ Compiled /_error in 493ms (1551 modules)\n","stream":"stdout","time":"2025-05-15T07:08:16.916482138Z"}
{"log":" GET /schedule 500 in 216ms\n","stream":"stdout","time":"2025-05-15T07:08:17.12144271Z"}
{"log":" GET /schedule 500 in 20ms\n","stream":"stdout","time":"2025-05-15T07:08:17.19384148Z"}
{"log":" GET /schedule 500 in 18ms\n","stream":"stdout","time":"2025-05-15T07:08:17.272381125Z"}
{"log":" GET /_next/static/webpack/e7c4dba34e4a2e66.webpack.hot-update.json 500 in 20ms\n","stream":"stdout","time":"2025-05-15T07:08:37.407971838Z"}
{"log":" ⚠ Fast Refresh had to perform a full reload due to a runtime error.\n","stream":"stderr","time":"2025-05-15T07:08:37.458437761Z"}
{"log":"\n","stream":"stdout","time":"2025-05-15T07:15:30.643603952Z"}
{"log":"\u003e smap-frontend@0.1.0 dev\n","stream":"stdout","time":"2025-05-15T07:15:30.644710951Z"}
{"log":"\u003e next dev\n","stream":"stdout","time":"2025-05-15T07:15:30.644736207Z"}
{"log":"\n","stream":"stdout","time":"2025-05-15T07:15:30.644753335Z"}
{"log":"   ▲ Next.js 15.3.2\n","stream":"stdout","time":"2025-05-15T07:15:33.115941922Z"}
{"log":"   - Local:        http://localhost:3000\n","stream":"stdout","time":"2025-05-15T07:15:33.116639519Z"}
{"log":"   - Network:      http://172.27.0.3:3000\n","stream":"stdout","time":"2025-05-15T07:15:33.116781393Z"}
{"log":"   - Environments: .env.local\n","stream":"stdout","time":"2025-05-15T07:15:33.116869305Z"}
{"log":"\n","stream":"stdout","time":"2025-05-15T07:15:33.117105655Z"}
{"log":" ✓ Starting...\n","stream":"stdout","time":"2025-05-15T07:15:33.117265037Z"}
{"log":" ✓ Ready in 3.6s\n","stream":"stdout","time":"2025-05-15T07:15:36.35655192Z"}
{"log":" ○ Compiling /schedule ...\n","stream":"stdout","time":"2025-05-15T07:15:37.021482726Z"}
{"log":" ✓ Compiled /schedule in 29.2s (2413 modules)\n","stream":"stdout","time":"2025-05-15T07:16:05.665444216Z"}
{"log":" ⨯ ReferenceError: flase is not defined\n","stream":"stderr","time":"2025-05-15T07:16:07.838860028Z"}
{"log":"    at SchedulePage (src/app/schedule/page.tsx:349:74)\n","stream":"stderr","time":"2025-05-15T07:16:07.838906772Z"}
{"log":"  347 |\n","stream":"stderr","time":"2025-05-15T07:16:07.838912835Z"}
{"log":"  348 |   return (\n","stream":"stderr","time":"2025-05-15T07:16:07.838919537Z"}
{"log":"\u003e 349 |     \u003cPageContainer title=\"일정 관리\" description=\"일정을 생성하고 관리하세요\" showHeader={flase} showBackButton={false} className=\"h-full flex flex-col bg-gradient-to-br from-indigo-100 via-purple-50 to-pink-100\"\u003e\n","stream":"stderr","time":"2025-05-15T07:16:07.838925857Z"}
{"log":"      |                                                                          ^\n","stream":"stderr","time":"2025-05-15T07:16:07.83893234Z"}
{"log":"  350 |       \u003cdiv className=\"grid grid-cols-1 md:grid-cols-5 gap-6 flex-grow p-6 overflow-auto\"\u003e\n","stream":"stderr","time":"2025-05-15T07:16:07.838957573Z"}
{"log":"  351 |         {/* Calendar Card - 오른쪽 보더 굵기 수정 */}\n","stream":"stderr","time":"2025-05-15T07:16:07.838965356Z"}
{"log":"  352 |         \u003cdiv className=\"md:col-span-2 flex flex-col md:mb-0\"\u003e {\n","stream":"stderr","time":"2025-05-15T07:16:07.838970752Z"}
{"log":"  digest: '1459153374'\n","stream":"stderr","time":"2025-05-15T07:16:07.838975917Z"}
{"log":"}\n","stream":"stderr","time":"2025-05-15T07:16:07.838983565Z"}
{"log":" GET /schedule 200 in 32052ms\n","stream":"stdout","time":"2025-05-15T07:16:08.426315708Z"}
{"log":" ✓ Compiled in 3.1s (1160 modules)\n","stream":"stdout","time":"2025-05-15T07:16:09.511860548Z"}
{"log":" ⚠ Cross origin request detected from 118.67.130.71 to /_next/* resource. In a future major version of Next.js, you will need to explicitly configure \"allowedDevOrigins\" in next.config to allow this.\n","stream":"stderr","time":"2025-05-15T07:18:14.241599463Z"}
{"log":"Read more: https://nextjs.org/docs/app/api-reference/config/next-config-js/allowedDevOrigins\n","stream":"stderr","time":"2025-05-15T07:18:14.241636738Z"}
{"log":" ⚠ Fast Refresh had to perform a full reload due to a runtime error.\n","stream":"stderr","time":"2025-05-15T07:45:44.296557442Z"}
{"log":" ✓ Compiled in 8.2s (2404 modules)\n","stream":"stdout","time":"2025-05-15T07:45:44.637604202Z"}
{"log":" GET /schedule 200 in 6720ms\n","stream":"stdout","time":"2025-05-15T07:45:45.829995245Z"}
{"log":" ✓ Compiled in 1589ms (1146 modules)\n","stream":"stdout","time":"2025-05-15T07:45:46.23902882Z"}
